<?xml version="1.0" encoding="UTF-8"?>
<!-- Generated by org.testng.reporters.JUnitReportReporter -->
<testsuite hostname="DESKTOP-S7SSLM5" failures="0" tests="1" name="testNGImplimentation.ContactExistingOrganizationTest" time="167.678" errors="0" timestamp="2023-02-01T10:13:17 IST" skipped="0">
  <testcase classname="testNGImplimentation.ContactExistingOrganizationTest" name="contactExistingOrg" time="167.678"/>
  <system-out/>
</testsuite> <!-- testNGImplimentation.ContactExistingOrganizationTest -->
