<?xml version="1.0" encoding="UTF-8"?>
<!-- Generated by org.testng.reporters.JUnitReportReporter -->
<testsuite hostname="DESKTOP-S7SSLM5" failures="0" tests="1" name="testNGImplimentation.CreateLeadAndDuplicateTest" time="178.944" errors="0" timestamp="2023-02-01T10:32:52 IST" skipped="0">
  <testcase classname="testNGImplimentation.CreateLeadAndDuplicateTest" name="createLeadAndDuplicate" time="178.944"/>
  <system-out/>
</testsuite> <!-- testNGImplimentation.CreateLeadAndDuplicateTest -->
