<?xml version="1.0" encoding="UTF-8"?>
<!-- Generated by org.testng.reporters.JUnitReportReporter -->
<testsuite hostname="DESKTOP-S7SSLM5" failures="0" tests="1" name="testNGImplimentation.CreateContactTest" time="226.434" errors="0" timestamp="2023-02-06T12:24:39 IST" skipped="0">
  <testcase classname="testNGImplimentation.CreateContactTest" name="createContact" time="226.434"/>
  <system-out/>
</testsuite> <!-- testNGImplimentation.CreateContactTest -->
